0 info it worked if it ends with ok
1 verbose cli [ '/usr/local/bin/node', '/usr/local/bin/npm', 'run', 'build' ]
2 info using npm@3.10.10
3 info using node@v6.11.1
4 verbose run-script [ 'prebuild', 'build', 'postbuild' ]
5 info lifecycle toy-problem-appendix@0.1.0~prebuild: toy-problem-appendix@0.1.0
6 silly lifecycle toy-problem-appendix@0.1.0~prebuild: no script for prebuild, continuing
7 info lifecycle toy-problem-appendix@0.1.0~build: toy-problem-appendix@0.1.0
8 verbose lifecycle toy-problem-appendix@0.1.0~build: unsafe-perm in lifecycle true
9 verbose lifecycle toy-problem-appendix@0.1.0~build: PATH: /usr/local/lib/node_modules/npm/bin/node-gyp-bin:/Users/ajlarson/src/qa-enter-wanted/node_modules/.bin:/usr/local/bin:/usr/bin:/bin:/usr/sbin:/sbin:/Users/ajlarson/src/testing-resources/selenium-resources:/Library/PostgreSQL/10/bin:/opt/X11/bin
10 verbose lifecycle toy-problem-appendix@0.1.0~build: CWD: /Users/ajlarson/src/qa-enter-wanted
11 silly lifecycle toy-problem-appendix@0.1.0~build: Args: [ '-c', 'react-scripts build' ]
12 info lifecycle toy-problem-appendix@0.1.0~build: Failed to exec build script
13 verbose stack Error: toy-problem-appendix@0.1.0 build: `react-scripts build`
13 verbose stack spawn ENOENT
13 verbose stack     at ChildProcess.<anonymous> (/usr/local/lib/node_modules/npm/lib/utils/spawn.js:33:16)
13 verbose stack     at emitTwo (events.js:106:13)
13 verbose stack     at ChildProcess.emit (events.js:191:7)
13 verbose stack     at maybeClose (internal/child_process.js:891:16)
13 verbose stack     at Process.ChildProcess._handle.onexit (internal/child_process.js:226:5)
14 verbose pkgid toy-problem-appendix@0.1.0
15 verbose cwd /Users/ajlarson/src/qa-enter-wanted
16 error Darwin 17.4.0
17 error argv "/usr/local/bin/node" "/usr/local/bin/npm" "run" "build"
18 error node v6.11.1
19 error npm  v3.10.10
20 error file sh
21 error code ELIFECYCLE
22 error errno ENOENT
23 error syscall spawn
24 error toy-problem-appendix@0.1.0 build: `react-scripts build`
24 error spawn ENOENT
25 error Failed at the toy-problem-appendix@0.1.0 build script 'react-scripts build'.
25 error Make sure you have the latest version of node.js and npm installed.
25 error If you do, this is most likely a problem with the toy-problem-appendix package,
25 error not with npm itself.
25 error Tell the author that this fails on your system:
25 error     react-scripts build
25 error You can get information on how to open an issue for this project with:
25 error     npm bugs toy-problem-appendix
25 error Or if that isn't available, you can get their info via:
25 error     npm owner ls toy-problem-appendix
25 error There is likely additional logging output above.
26 verbose exit [ 1, true ]
